{"/Users/evgen/Desktop/projects/js_average-ages/src/averageAges.js": {"path":"/Users/evgen/Desktop/projects/js_average-ages/src/averageAges.js","statementMap":{"0":{"start":{"line":18,"column":21},"end":{"line":22,"column":3}},"1":{"start":{"line":19,"column":4},"end":{"line":21,"column":25}},"2":{"start":{"line":24,"column":18},"end":{"line":24,"column":66}},"3":{"start":{"line":24,"column":42},"end":{"line":24,"column":65}},"4":{"start":{"line":25,"column":29},"end":{"line":25,"column":71}},"5":{"start":{"line":25,"column":58},"end":{"line":25,"column":67}},"6":{"start":{"line":27,"column":2},"end":{"line":27,"column":45}},"7":{"start":{"line":45,"column":23},"end":{"line":49,"column":3}},"8":{"start":{"line":46,"column":4},"end":{"line":48,"column":25}},"9":{"start":{"line":47,"column":50},"end":{"line":47,"column":77}},"10":{"start":{"line":51,"column":20},"end":{"line":51,"column":70}},"11":{"start":{"line":51,"column":46},"end":{"line":51,"column":69}},"12":{"start":{"line":52,"column":31},"end":{"line":52,"column":75}},"13":{"start":{"line":52,"column":62},"end":{"line":52,"column":71}},"14":{"start":{"line":54,"column":2},"end":{"line":54,"column":49}},"15":{"start":{"line":72,"column":26},"end":{"line":76,"column":3}},"16":{"start":{"line":73,"column":4},"end":{"line":75,"column":59}},"17":{"start":{"line":74,"column":30},"end":{"line":74,"column":58}},"18":{"start":{"line":75,"column":30},"end":{"line":75,"column":58}},"19":{"start":{"line":78,"column":23},"end":{"line":81,"column":3}},"20":{"start":{"line":79,"column":13},"end":{"line":80,"column":51}},"21":{"start":{"line":80,"column":16},"end":{"line":80,"column":44}},"22":{"start":{"line":83,"column":25},"end":{"line":83,"column":72}},"23":{"start":{"line":83,"column":59},"end":{"line":83,"column":68}},"24":{"start":{"line":84,"column":14},"end":{"line":84,"column":50}},"25":{"start":{"line":86,"column":2},"end":{"line":86,"column":13}},"26":{"start":{"line":89,"column":0},"end":{"line":93,"column":2}}},"fnMap":{"0":{"name":"calculateMenAverageAge","decl":{"start":{"line":17,"column":9},"end":{"line":17,"column":31}},"loc":{"start":{"line":17,"column":49},"end":{"line":28,"column":1}},"line":17},"1":{"name":"(anonymous_1)","decl":{"start":{"line":18,"column":35},"end":{"line":18,"column":36}},"loc":{"start":{"line":19,"column":4},"end":{"line":21,"column":25}},"line":19},"2":{"name":"(anonymous_2)","decl":{"start":{"line":24,"column":33},"end":{"line":24,"column":34}},"loc":{"start":{"line":24,"column":42},"end":{"line":24,"column":65}},"line":24},"3":{"name":"(anonymous_3)","decl":{"start":{"line":25,"column":44},"end":{"line":25,"column":45}},"loc":{"start":{"line":25,"column":58},"end":{"line":25,"column":67}},"line":25},"4":{"name":"calculateWomenAverageAge","decl":{"start":{"line":44,"column":9},"end":{"line":44,"column":33}},"loc":{"start":{"line":44,"column":56},"end":{"line":55,"column":1}},"line":44},"5":{"name":"(anonymous_5)","decl":{"start":{"line":45,"column":37},"end":{"line":45,"column":38}},"loc":{"start":{"line":46,"column":4},"end":{"line":48,"column":25}},"line":46},"6":{"name":"(anonymous_6)","decl":{"start":{"line":47,"column":41},"end":{"line":47,"column":42}},"loc":{"start":{"line":47,"column":50},"end":{"line":47,"column":77}},"line":47},"7":{"name":"(anonymous_7)","decl":{"start":{"line":51,"column":37},"end":{"line":51,"column":38}},"loc":{"start":{"line":51,"column":46},"end":{"line":51,"column":69}},"line":51},"8":{"name":"(anonymous_8)","decl":{"start":{"line":52,"column":48},"end":{"line":52,"column":49}},"loc":{"start":{"line":52,"column":62},"end":{"line":52,"column":71}},"line":52},"9":{"name":"calculateAverageAgeDiff","decl":{"start":{"line":71,"column":9},"end":{"line":71,"column":32}},"loc":{"start":{"line":71,"column":54},"end":{"line":87,"column":1}},"line":71},"10":{"name":"(anonymous_10)","decl":{"start":{"line":72,"column":40},"end":{"line":72,"column":41}},"loc":{"start":{"line":73,"column":4},"end":{"line":75,"column":59}},"line":73},"11":{"name":"(anonymous_11)","decl":{"start":{"line":74,"column":20},"end":{"line":74,"column":21}},"loc":{"start":{"line":74,"column":30},"end":{"line":74,"column":58}},"line":74},"12":{"name":"(anonymous_12)","decl":{"start":{"line":75,"column":20},"end":{"line":75,"column":21}},"loc":{"start":{"line":75,"column":30},"end":{"line":75,"column":58}},"line":75},"13":{"name":"(anonymous_13)","decl":{"start":{"line":79,"column":4},"end":{"line":79,"column":5}},"loc":{"start":{"line":79,"column":13},"end":{"line":80,"column":51}},"line":79},"14":{"name":"(anonymous_14)","decl":{"start":{"line":80,"column":6},"end":{"line":80,"column":7}},"loc":{"start":{"line":80,"column":16},"end":{"line":80,"column":44}},"line":80},"15":{"name":"(anonymous_15)","decl":{"start":{"line":83,"column":45},"end":{"line":83,"column":46}},"loc":{"start":{"line":83,"column":59},"end":{"line":83,"column":68}},"line":83}},"branchMap":{"0":{"loc":{"start":{"line":19,"column":4},"end":{"line":21,"column":25}},"type":"cond-expr","locations":[{"start":{"line":20,"column":8},"end":{"line":20,"column":68}},{"start":{"line":21,"column":8},"end":{"line":21,"column":25}}],"line":19},"1":{"loc":{"start":{"line":20,"column":8},"end":{"line":20,"column":68}},"type":"binary-expr","locations":[{"start":{"line":20,"column":8},"end":{"line":20,"column":25}},{"start":{"line":20,"column":29},"end":{"line":20,"column":68}}],"line":20},"2":{"loc":{"start":{"line":46,"column":4},"end":{"line":48,"column":25}},"type":"cond-expr","locations":[{"start":{"line":47,"column":8},"end":{"line":47,"column":78}},{"start":{"line":48,"column":8},"end":{"line":48,"column":25}}],"line":46},"3":{"loc":{"start":{"line":47,"column":8},"end":{"line":47,"column":78}},"type":"binary-expr","locations":[{"start":{"line":47,"column":8},"end":{"line":47,"column":25}},{"start":{"line":47,"column":29},"end":{"line":47,"column":78}}],"line":47},"4":{"loc":{"start":{"line":73,"column":4},"end":{"line":75,"column":59}},"type":"cond-expr","locations":[{"start":{"line":74,"column":8},"end":{"line":74,"column":80}},{"start":{"line":75,"column":8},"end":{"line":75,"column":59}}],"line":73},"5":{"loc":{"start":{"line":74,"column":8},"end":{"line":74,"column":80}},"type":"binary-expr","locations":[{"start":{"line":74,"column":8},"end":{"line":74,"column":59}},{"start":{"line":74,"column":63},"end":{"line":74,"column":80}}],"line":74}},"s":{"0":2,"1":78,"2":2,"3":31,"4":2,"5":31,"6":2,"7":2,"8":78,"9":429,"10":2,"11":31,"12":2,"13":31,"14":2,"15":2,"16":78,"17":1195,"18":1195,"19":2,"20":31,"21":694,"22":2,"23":31,"24":2,"25":2,"26":1},"f":{"0":2,"1":78,"2":31,"3":31,"4":2,"5":78,"6":429,"7":31,"8":31,"9":2,"10":78,"11":1195,"12":1195,"13":31,"14":694,"15":31},"b":{"0":[39,39],"1":[39,21],"2":[39,39],"3":[39,18],"4":[39,39],"5":[39,18]},"_coverageSchema":"43e27e138ebf9cfc5966b082cf9a028302ed4184","hash":"c4fac83b1b6d4496948418679a0b2bba89ec97ad"}
}
