TN:
SF:/Users/evgen/Desktop/projects/js_average-ages/src/averageAges.js
FN:17,calculateMenAverageAge
FN:18,(anonymous_1)
FN:24,(anonymous_2)
FN:25,(anonymous_3)
FN:44,calculateWomenAverageAge
FN:45,(anonymous_5)
FN:47,(anonymous_6)
FN:51,(anonymous_7)
FN:52,(anonymous_8)
FN:71,calculateAverageAgeDiff
FN:72,(anonymous_10)
FN:74,(anonymous_11)
FN:75,(anonymous_12)
FN:79,(anonymous_13)
FN:80,(anonymous_14)
FN:83,(anonymous_15)
FNF:16
FNH:16
FNDA:2,calculateMenAverageAge
FNDA:78,(anonymous_1)
FNDA:31,(anonymous_2)
FNDA:31,(anonymous_3)
FNDA:2,calculateWomenAverageAge
FNDA:78,(anonymous_5)
FNDA:429,(anonymous_6)
FNDA:31,(anonymous_7)
FNDA:31,(anonymous_8)
FNDA:2,calculateAverageAgeDiff
FNDA:78,(anonymous_10)
FNDA:1195,(anonymous_11)
FNDA:1195,(anonymous_12)
FNDA:31,(anonymous_13)
FNDA:694,(anonymous_14)
FNDA:31,(anonymous_15)
DA:18,2
DA:19,78
DA:24,31
DA:25,31
DA:27,2
DA:45,2
DA:46,78
DA:47,429
DA:51,31
DA:52,31
DA:54,2
DA:72,2
DA:73,78
DA:74,1195
DA:75,1195
DA:78,2
DA:79,31
DA:80,694
DA:83,31
DA:84,2
DA:86,2
DA:89,1
LF:22
LH:22
BRDA:19,0,0,39
BRDA:19,0,1,39
BRDA:20,1,0,39
BRDA:20,1,1,21
BRDA:46,2,0,39
BRDA:46,2,1,39
BRDA:47,3,0,39
BRDA:47,3,1,18
BRDA:73,4,0,39
BRDA:73,4,1,39
BRDA:74,5,0,39
BRDA:74,5,1,18
BRF:12
BRH:12
end_of_record
